2024-06-10 01:01:19 [INFO] ########### Start #########
2024-06-10 01:06:53 [INFO] ########### Start #########
2024-06-10 01:11:23 [INFO] ########### Start #########
2024-06-10 01:11:23 [INFO] Uvicorn running on http://0.0.0.0:5500 (Press CTRL+C to quit)
2024-06-10 01:11:23 [INFO] Started reloader process [93563] using watchgod
2024-06-10 01:11:24 [WARNING] WatchGodReload detected file change in '['/export/home/dpower/jag/eta_master/scripts/py/monitor/myapp.log']'. Reloading...
2024-06-10 01:11:24 [WARNING] WatchGodReload detected file change in '['/export/home/dpower/jag/eta_master/scripts/py/monitor/myapp.log']'. Reloading...
2024-06-10 01:11:24 [WARNING] WatchGodReload detected file change in '['/export/home/dpower/jag/eta_master/scripts/py/monitor/myapp.log']'. Reloading...
2024-06-10 01:11:24 [WARNING] WatchGodReload detected file change in '['/export/home/dpower/jag/eta_master/scripts/py/monitor/myapp.log']'. Reloading...
2024-06-10 01:11:25 [WARNING] WatchGodReload detected file change in '['/export/home/dpower/jag/eta_master/scripts/py/monitor/myapp.log']'. Reloading...
2024-06-10 01:11:25 [WARNING] WatchGodReload detected file change in '['/export/home/dpower/jag/eta_master/scripts/py/monitor/myapp.log']'. Reloading...
2024-06-10 01:11:25 [WARNING] WatchGodReload detected file change in '['/export/home/dpower/jag/eta_master/scripts/py/monitor/myapp.log']'. Reloading...
2024-06-10 01:11:25 [WARNING] WatchGodReload detected file change in '['/export/home/dpower/jag/eta_master/scripts/py/monitor/myapp.log']'. Reloading...
2024-06-10 01:11:26 [WARNING] WatchGodReload detected file change in '['/export/home/dpower/jag/eta_master/scripts/py/monitor/myapp.log']'. Reloading...
2024-06-10 01:11:26 [WARNING] WatchGodReload detected file change in '['/export/home/dpower/jag/eta_master/scripts/py/monitor/myapp.log']'. Reloading...
2024-06-10 01:11:26 [WARNING] WatchGodReload detected file change in '['/export/home/dpower/jag/eta_master/scripts/py/monitor/myapp.log']'. Reloading...
2024-06-10 01:11:26 [WARNING] WatchGodReload detected file change in '['/export/home/dpower/jag/eta_master/scripts/py/monitor/myapp.log']'. Reloading...
2024-06-10 01:11:27 [WARNING] WatchGodReload detected file change in '['/export/home/dpower/jag/eta_master/scripts/py/monitor/myapp.log']'. Reloading...
2024-06-10 01:11:27 [WARNING] WatchGodReload detected file change in '['/export/home/dpower/jag/eta_master/scripts/py/monitor/myapp.log']'. Reloading...
2024-06-10 01:11:27 [WARNING] WatchGodReload detected file change in '['/export/home/dpower/jag/eta_master/scripts/py/monitor/myapp.log']'. Reloading...
2024-06-10 01:11:27 [WARNING] WatchGodReload detected file change in '['/export/home/dpower/jag/eta_master/scripts/py/monitor/myapp.log']'. Reloading...
2024-06-10 01:11:28 [WARNING] WatchGodReload detected file change in '['/export/home/dpower/jag/eta_master/scripts/py/monitor/myapp.log']'. Reloading...
2024-06-10 01:11:28 [WARNING] WatchGodReload detected file change in '['/export/home/dpower/jag/eta_master/scripts/py/monitor/myapp.log']'. Reloading...
2024-06-10 01:11:28 [WARNING] WatchGodReload detected file change in '['/export/home/dpower/jag/eta_master/scripts/py/monitor/myapp.log']'. Reloading...
2024-06-10 01:11:29 [WARNING] WatchGodReload detected file change in '['/export/home/dpower/jag/eta_master/scripts/py/monitor/myapp.log']'. Reloading...
2024-06-10 01:11:29 [WARNING] WatchGodReload detected file change in '['/export/home/dpower/jag/eta_master/scripts/py/monitor/myapp.log']'. Reloading...
2024-06-10 01:11:29 [WARNING] WatchGodReload detected file change in '['/export/home/dpower/jag/eta_master/scripts/py/monitor/myapp.log']'. Reloading...
2024-06-10 01:11:29 [WARNING] WatchGodReload detected file change in '['/export/home/dpower/jag/eta_master/scripts/py/monitor/myapp.log']'. Reloading...
2024-06-10 01:11:30 [WARNING] WatchGodReload detected file change in '['/export/home/dpower/jag/eta_master/scripts/py/monitor/myapp.log']'. Reloading...
2024-06-10 01:11:30 [WARNING] WatchGodReload detected file change in '['/export/home/dpower/jag/eta_master/scripts/py/monitor/myapp.log']'. Reloading...
2024-06-10 01:11:30 [WARNING] WatchGodReload detected file change in '['/export/home/dpower/jag/eta_master/scripts/py/monitor/myapp.log']'. Reloading...
2024-06-10 01:11:30 [WARNING] WatchGodReload detected file change in '['/export/home/dpower/jag/eta_master/scripts/py/monitor/myapp.log']'. Reloading...
2024-06-10 01:11:31 [WARNING] WatchGodReload detected file change in '['/export/home/dpower/jag/eta_master/scripts/py/monitor/myapp.log']'. Reloading...
2024-06-10 01:11:31 [WARNING] WatchGodReload detected file change in '['/export/home/dpower/jag/eta_master/scripts/py/monitor/myapp.log']'. Reloading...
2024-06-10 01:11:31 [WARNING] WatchGodReload detected file change in '['/export/home/dpower/jag/eta_master/scripts/py/monitor/myapp.log']'. Reloading...
2024-06-10 01:11:31 [WARNING] WatchGodReload detected file change in '['/export/home/dpower/jag/eta_master/scripts/py/monitor/myapp.log']'. Reloading...
2024-06-10 01:11:32 [WARNING] WatchGodReload detected file change in '['/export/home/dpower/jag/eta_master/scripts/py/monitor/myapp.log']'. Reloading...
2024-06-10 01:11:32 [WARNING] WatchGodReload detected file change in '['/export/home/dpower/jag/eta_master/scripts/py/monitor/myapp.log']'. Reloading...
2024-06-10 01:11:32 [WARNING] WatchGodReload detected file change in '['/export/home/dpower/jag/eta_master/scripts/py/monitor/myapp.log']'. Reloading...
2024-06-10 01:11:32 [WARNING] WatchGodReload detected file change in '['/export/home/dpower/jag/eta_master/scripts/py/monitor/myapp.log']'. Reloading...
2024-06-10 01:11:33 [WARNING] WatchGodReload detected file change in '['/export/home/dpower/jag/eta_master/scripts/py/monitor/myapp.log']'. Reloading...
2024-06-10 01:11:33 [WARNING] WatchGodReload detected file change in '['/export/home/dpower/jag/eta_master/scripts/py/monitor/myapp.log']'. Reloading...
2024-06-10 01:11:33 [WARNING] WatchGodReload detected file change in '['/export/home/dpower/jag/eta_master/scripts/py/monitor/myapp.log']'. Reloading...
2024-06-10 01:11:33 [WARNING] WatchGodReload detected file change in '['/export/home/dpower/jag/eta_master/scripts/py/monitor/myapp.log']'. Reloading...
2024-06-10 01:11:34 [WARNING] WatchGodReload detected file change in '['/export/home/dpower/jag/eta_master/scripts/py/monitor/myapp.log']'. Reloading...
2024-06-10 01:11:34 [WARNING] WatchGodReload detected file change in '['/export/home/dpower/jag/eta_master/scripts/py/monitor/myapp.log']'. Reloading...
2024-06-10 01:11:34 [WARNING] WatchGodReload detected file change in '['/export/home/dpower/jag/eta_master/scripts/py/monitor/myapp.log']'. Reloading...
2024-06-10 01:11:35 [WARNING] WatchGodReload detected file change in '['/export/home/dpower/jag/eta_master/scripts/py/monitor/myapp.log']'. Reloading...
2024-06-10 01:11:35 [WARNING] WatchGodReload detected file change in '['/export/home/dpower/jag/eta_master/scripts/py/monitor/myapp.log']'. Reloading...
2024-06-10 01:11:35 [WARNING] WatchGodReload detected file change in '['/export/home/dpower/jag/eta_master/scripts/py/monitor/myapp.log']'. Reloading...
2024-06-10 01:11:35 [WARNING] WatchGodReload detected file change in '['/export/home/dpower/jag/eta_master/scripts/py/monitor/myapp.log']'. Reloading...
2024-06-10 01:11:36 [WARNING] WatchGodReload detected file change in '['/export/home/dpower/jag/eta_master/scripts/py/monitor/myapp.log']'. Reloading...
2024-06-10 01:11:36 [WARNING] WatchGodReload detected file change in '['/export/home/dpower/jag/eta_master/scripts/py/monitor/myapp.log']'. Reloading...
2024-06-10 01:11:36 [WARNING] WatchGodReload detected file change in '['/export/home/dpower/jag/eta_master/scripts/py/monitor/myapp.log']'. Reloading...
2024-06-10 01:11:36 [WARNING] WatchGodReload detected file change in '['/export/home/dpower/jag/eta_master/scripts/py/monitor/myapp.log']'. Reloading...
2024-06-10 01:11:37 [WARNING] WatchGodReload detected file change in '['/export/home/dpower/jag/eta_master/scripts/py/monitor/myapp.log']'. Reloading...
2024-06-10 01:11:37 [WARNING] WatchGodReload detected file change in '['/export/home/dpower/jag/eta_master/scripts/py/monitor/myapp.log']'. Reloading...
2024-06-10 01:11:37 [WARNING] WatchGodReload detected file change in '['/export/home/dpower/jag/eta_master/scripts/py/monitor/myapp.log']'. Reloading...
2024-06-10 01:11:37 [WARNING] WatchGodReload detected file change in '['/export/home/dpower/jag/eta_master/scripts/py/monitor/myapp.log']'. Reloading...
2024-06-10 01:11:38 [WARNING] WatchGodReload detected file change in '['/export/home/dpower/jag/eta_master/scripts/py/monitor/myapp.log']'. Reloading...
2024-06-10 01:11:38 [WARNING] WatchGodReload detected file change in '['/export/home/dpower/jag/eta_master/scripts/py/monitor/myapp.log']'. Reloading...
2024-06-10 01:11:38 [WARNING] WatchGodReload detected file change in '['/export/home/dpower/jag/eta_master/scripts/py/monitor/myapp.log']'. Reloading...
2024-06-10 01:11:38 [WARNING] WatchGodReload detected file change in '['/export/home/dpower/jag/eta_master/scripts/py/monitor/myapp.log']'. Reloading...
2024-06-10 01:11:39 [WARNING] WatchGodReload detected file change in '['/export/home/dpower/jag/eta_master/scripts/py/monitor/myapp.log']'. Reloading...
2024-06-10 01:11:39 [WARNING] WatchGodReload detected file change in '['/export/home/dpower/jag/eta_master/scripts/py/monitor/myapp.log']'. Reloading...
2024-06-10 01:11:39 [WARNING] WatchGodReload detected file change in '['/export/home/dpower/jag/eta_master/scripts/py/monitor/myapp.log']'. Reloading...
2024-06-10 01:11:39 [WARNING] WatchGodReload detected file change in '['/export/home/dpower/jag/eta_master/scripts/py/monitor/myapp.log']'. Reloading...
2024-06-10 01:11:40 [WARNING] WatchGodReload detected file change in '['/export/home/dpower/jag/eta_master/scripts/py/monitor/myapp.log']'. Reloading...
2024-06-10 01:11:40 [WARNING] WatchGodReload detected file change in '['/export/home/dpower/jag/eta_master/scripts/py/monitor/myapp.log']'. Reloading...
2024-06-10 01:11:40 [WARNING] WatchGodReload detected file change in '['/export/home/dpower/jag/eta_master/scripts/py/monitor/myapp.log']'. Reloading...
2024-06-10 01:11:40 [WARNING] WatchGodReload detected file change in '['/export/home/dpower/jag/eta_master/scripts/py/monitor/myapp.log']'. Reloading...
2024-06-10 01:11:41 [WARNING] WatchGodReload detected file change in '['/export/home/dpower/jag/eta_master/scripts/py/monitor/myapp.log']'. Reloading...
2024-06-10 01:11:41 [WARNING] WatchGodReload detected file change in '['/export/home/dpower/jag/eta_master/scripts/py/monitor/myapp.log']'. Reloading...
2024-06-10 01:11:41 [WARNING] WatchGodReload detected file change in '['/export/home/dpower/jag/eta_master/scripts/py/monitor/myapp.log']'. Reloading...
2024-06-10 01:11:42 [WARNING] WatchGodReload detected file change in '['/export/home/dpower/jag/eta_master/scripts/py/monitor/myapp.log']'. Reloading...
2024-06-10 01:11:42 [WARNING] WatchGodReload detected file change in '['/export/home/dpower/jag/eta_master/scripts/py/monitor/myapp.log']'. Reloading...
2024-06-10 01:11:42 [WARNING] WatchGodReload detected file change in '['/export/home/dpower/jag/eta_master/scripts/py/monitor/myapp.log']'. Reloading...
2024-06-10 01:11:42 [WARNING] WatchGodReload detected file change in '['/export/home/dpower/jag/eta_master/scripts/py/monitor/myapp.log']'. Reloading...
2024-06-10 01:11:43 [WARNING] WatchGodReload detected file change in '['/export/home/dpower/jag/eta_master/scripts/py/monitor/myapp.log']'. Reloading...
2024-06-10 01:11:43 [WARNING] WatchGodReload detected file change in '['/export/home/dpower/jag/eta_master/scripts/py/monitor/myapp.log']'. Reloading...
2024-06-10 01:11:43 [WARNING] WatchGodReload detected file change in '['/export/home/dpower/jag/eta_master/scripts/py/monitor/myapp.log']'. Reloading...
2024-06-10 01:11:43 [WARNING] WatchGodReload detected file change in '['/export/home/dpower/jag/eta_master/scripts/py/monitor/myapp.log']'. Reloading...
2024-06-10 01:11:44 [WARNING] WatchGodReload detected file change in '['/export/home/dpower/jag/eta_master/scripts/py/monitor/myapp.log']'. Reloading...
2024-06-10 01:11:44 [WARNING] WatchGodReload detected file change in '['/export/home/dpower/jag/eta_master/scripts/py/monitor/myapp.log']'. Reloading...
2024-06-10 01:11:44 [WARNING] WatchGodReload detected file change in '['/export/home/dpower/jag/eta_master/scripts/py/monitor/myapp.log']'. Reloading...
2024-06-10 01:11:44 [WARNING] WatchGodReload detected file change in '['/export/home/dpower/jag/eta_master/scripts/py/monitor/myapp.log']'. Reloading...
2024-06-10 01:11:45 [WARNING] WatchGodReload detected file change in '['/export/home/dpower/jag/eta_master/scripts/py/monitor/myapp.log']'. Reloading...
2024-06-10 01:11:45 [WARNING] WatchGodReload detected file change in '['/export/home/dpower/jag/eta_master/scripts/py/monitor/myapp.log']'. Reloading...
2024-06-10 01:11:45 [WARNING] WatchGodReload detected file change in '['/export/home/dpower/jag/eta_master/scripts/py/monitor/myapp.log']'. Reloading...
2024-06-10 01:11:45 [WARNING] WatchGodReload detected file change in '['/export/home/dpower/jag/eta_master/scripts/py/monitor/myapp.log']'. Reloading...
2024-06-10 01:11:46 [WARNING] WatchGodReload detected file change in '['/export/home/dpower/jag/eta_master/scripts/py/monitor/myapp.log']'. Reloading...
2024-06-10 01:11:46 [WARNING] WatchGodReload detected file change in '['/export/home/dpower/jag/eta_master/scripts/py/monitor/myapp.log']'. Reloading...
2024-06-10 01:11:46 [WARNING] WatchGodReload detected file change in '['/export/home/dpower/jag/eta_master/scripts/py/monitor/myapp.log']'. Reloading...
2024-06-10 01:11:46 [WARNING] WatchGodReload detected file change in '['/export/home/dpower/jag/eta_master/scripts/py/monitor/myapp.log']'. Reloading...
2024-06-10 01:11:47 [WARNING] WatchGodReload detected file change in '['/export/home/dpower/jag/eta_master/scripts/py/monitor/myapp.log']'. Reloading...
2024-06-10 01:11:47 [WARNING] WatchGodReload detected file change in '['/export/home/dpower/jag/eta_master/scripts/py/monitor/myapp.log']'. Reloading...
2024-06-10 01:11:47 [WARNING] WatchGodReload detected file change in '['/export/home/dpower/jag/eta_master/scripts/py/monitor/myapp.log']'. Reloading...
2024-06-10 01:11:47 [WARNING] WatchGodReload detected file change in '['/export/home/dpower/jag/eta_master/scripts/py/monitor/myapp.log']'. Reloading...
2024-06-10 01:11:48 [WARNING] WatchGodReload detected file change in '['/export/home/dpower/jag/eta_master/scripts/py/monitor/myapp.log']'. Reloading...
2024-06-10 01:11:48 [WARNING] WatchGodReload detected file change in '['/export/home/dpower/jag/eta_master/scripts/py/monitor/myapp.log']'. Reloading...
2024-06-10 01:11:48 [WARNING] WatchGodReload detected file change in '['/export/home/dpower/jag/eta_master/scripts/py/monitor/myapp.log']'. Reloading...
2024-06-10 01:11:49 [WARNING] WatchGodReload detected file change in '['/export/home/dpower/jag/eta_master/scripts/py/monitor/myapp.log']'. Reloading...
2024-06-10 01:11:49 [WARNING] WatchGodReload detected file change in '['/export/home/dpower/jag/eta_master/scripts/py/monitor/myapp.log']'. Reloading...
2024-06-10 01:11:49 [WARNING] WatchGodReload detected file change in '['/export/home/dpower/jag/eta_master/scripts/py/monitor/myapp.log']'. Reloading...
2024-06-10 01:11:49 [WARNING] WatchGodReload detected file change in '['/export/home/dpower/jag/eta_master/scripts/py/monitor/myapp.log']'. Reloading...
2024-06-10 01:11:50 [WARNING] WatchGodReload detected file change in '['/export/home/dpower/jag/eta_master/scripts/py/monitor/myapp.log']'. Reloading...
2024-06-10 01:11:50 [WARNING] WatchGodReload detected file change in '['/export/home/dpower/jag/eta_master/scripts/py/monitor/myapp.log']'. Reloading...
2024-06-10 01:11:50 [WARNING] WatchGodReload detected file change in '['/export/home/dpower/jag/eta_master/scripts/py/monitor/myapp.log']'. Reloading...
2024-06-10 01:11:50 [WARNING] WatchGodReload detected file change in '['/export/home/dpower/jag/eta_master/scripts/py/monitor/myapp.log']'. Reloading...
2024-06-10 01:11:51 [WARNING] WatchGodReload detected file change in '['/export/home/dpower/jag/eta_master/scripts/py/monitor/myapp.log']'. Reloading...
2024-06-10 01:11:51 [WARNING] WatchGodReload detected file change in '['/export/home/dpower/jag/eta_master/scripts/py/monitor/myapp.log']'. Reloading...
2024-06-10 01:11:51 [WARNING] WatchGodReload detected file change in '['/export/home/dpower/jag/eta_master/scripts/py/monitor/myapp.log']'. Reloading...
2024-06-10 01:11:51 [WARNING] WatchGodReload detected file change in '['/export/home/dpower/jag/eta_master/scripts/py/monitor/myapp.log']'. Reloading...
2024-06-10 01:11:52 [WARNING] WatchGodReload detected file change in '['/export/home/dpower/jag/eta_master/scripts/py/monitor/myapp.log']'. Reloading...
2024-06-10 01:11:52 [WARNING] WatchGodReload detected file change in '['/export/home/dpower/jag/eta_master/scripts/py/monitor/myapp.log']'. Reloading...
2024-06-10 01:11:52 [WARNING] WatchGodReload detected file change in '['/export/home/dpower/jag/eta_master/scripts/py/monitor/myapp.log']'. Reloading...
2024-06-10 01:11:52 [WARNING] WatchGodReload detected file change in '['/export/home/dpower/jag/eta_master/scripts/py/monitor/myapp.log']'. Reloading...
2024-06-10 01:11:53 [WARNING] WatchGodReload detected file change in '['/export/home/dpower/jag/eta_master/scripts/py/monitor/myapp.log']'. Reloading...
2024-06-10 01:11:53 [WARNING] WatchGodReload detected file change in '['/export/home/dpower/jag/eta_master/scripts/py/monitor/myapp.log']'. Reloading...
2024-06-10 01:11:53 [WARNING] WatchGodReload detected file change in '['/export/home/dpower/jag/eta_master/scripts/py/monitor/myapp.log']'. Reloading...
2024-06-10 01:11:53 [WARNING] WatchGodReload detected file change in '['/export/home/dpower/jag/eta_master/scripts/py/monitor/myapp.log']'. Reloading...
2024-06-10 01:11:54 [WARNING] WatchGodReload detected file change in '['/export/home/dpower/jag/eta_master/scripts/py/monitor/myapp.log']'. Reloading...
2024-06-10 01:11:54 [WARNING] WatchGodReload detected file change in '['/export/home/dpower/jag/eta_master/scripts/py/monitor/myapp.log']'. Reloading...
2024-06-10 01:11:54 [WARNING] WatchGodReload detected file change in '['/export/home/dpower/jag/eta_master/scripts/py/monitor/myapp.log']'. Reloading...
2024-06-10 01:11:54 [WARNING] WatchGodReload detected file change in '['/export/home/dpower/jag/eta_master/scripts/py/monitor/myapp.log']'. Reloading...
2024-06-10 01:11:55 [WARNING] WatchGodReload detected file change in '['/export/home/dpower/jag/eta_master/scripts/py/monitor/myapp.log']'. Reloading...
2024-06-10 01:11:55 [WARNING] WatchGodReload detected file change in '['/export/home/dpower/jag/eta_master/scripts/py/monitor/myapp.log']'. Reloading...
2024-06-10 01:11:55 [WARNING] WatchGodReload detected file change in '['/export/home/dpower/jag/eta_master/scripts/py/monitor/myapp.log']'. Reloading...
2024-06-10 01:11:56 [WARNING] WatchGodReload detected file change in '['/export/home/dpower/jag/eta_master/scripts/py/monitor/myapp.log']'. Reloading...
2024-06-10 01:11:56 [WARNING] WatchGodReload detected file change in '['/export/home/dpower/jag/eta_master/scripts/py/monitor/myapp.log']'. Reloading...
2024-06-10 01:11:56 [WARNING] WatchGodReload detected file change in '['/export/home/dpower/jag/eta_master/scripts/py/monitor/myapp.log']'. Reloading...
2024-06-10 01:11:56 [WARNING] WatchGodReload detected file change in '['/export/home/dpower/jag/eta_master/scripts/py/monitor/myapp.log']'. Reloading...
2024-06-10 01:11:57 [WARNING] WatchGodReload detected file change in '['/export/home/dpower/jag/eta_master/scripts/py/monitor/myapp.log']'. Reloading...
2024-06-10 01:11:57 [WARNING] WatchGodReload detected file change in '['/export/home/dpower/jag/eta_master/scripts/py/monitor/myapp.log']'. Reloading...
2024-06-10 01:11:57 [WARNING] WatchGodReload detected file change in '['/export/home/dpower/jag/eta_master/scripts/py/monitor/myapp.log']'. Reloading...
2024-06-10 01:11:57 [WARNING] WatchGodReload detected file change in '['/export/home/dpower/jag/eta_master/scripts/py/monitor/myapp.log']'. Reloading...
2024-06-10 01:11:58 [WARNING] WatchGodReload detected file change in '['/export/home/dpower/jag/eta_master/scripts/py/monitor/myapp.log']'. Reloading...
2024-06-10 01:11:58 [WARNING] WatchGodReload detected file change in '['/export/home/dpower/jag/eta_master/scripts/py/monitor/myapp.log']'. Reloading...
2024-06-10 01:11:58 [WARNING] WatchGodReload detected file change in '['/export/home/dpower/jag/eta_master/scripts/py/monitor/myapp.log']'. Reloading...
2024-06-10 01:11:58 [WARNING] WatchGodReload detected file change in '['/export/home/dpower/jag/eta_master/scripts/py/monitor/myapp.log']'. Reloading...
2024-06-10 01:11:59 [WARNING] WatchGodReload detected file change in '['/export/home/dpower/jag/eta_master/scripts/py/monitor/myapp.log']'. Reloading...
2024-06-10 01:11:59 [WARNING] WatchGodReload detected file change in '['/export/home/dpower/jag/eta_master/scripts/py/monitor/myapp.log']'. Reloading...
2024-06-10 01:11:59 [WARNING] WatchGodReload detected file change in '['/export/home/dpower/jag/eta_master/scripts/py/monitor/myapp.log']'. Reloading...
2024-06-10 01:11:59 [WARNING] WatchGodReload detected file change in '['/export/home/dpower/jag/eta_master/scripts/py/monitor/myapp.log']'. Reloading...
2024-06-10 01:12:00 [WARNING] WatchGodReload detected file change in '['/export/home/dpower/jag/eta_master/scripts/py/monitor/myapp.log']'. Reloading...
2024-06-10 01:12:00 [WARNING] WatchGodReload detected file change in '['/export/home/dpower/jag/eta_master/scripts/py/monitor/myapp.log']'. Reloading...
2024-06-10 01:12:00 [WARNING] WatchGodReload detected file change in '['/export/home/dpower/jag/eta_master/scripts/py/monitor/myapp.log']'. Reloading...
2024-06-10 01:12:00 [WARNING] WatchGodReload detected file change in '['/export/home/dpower/jag/eta_master/scripts/py/monitor/myapp.log']'. Reloading...
2024-06-10 01:12:01 [WARNING] WatchGodReload detected file change in '['/export/home/dpower/jag/eta_master/scripts/py/monitor/myapp.log']'. Reloading...
2024-06-10 01:12:01 [WARNING] WatchGodReload detected file change in '['/export/home/dpower/jag/eta_master/scripts/py/monitor/myapp.log']'. Reloading...
2024-06-10 01:12:01 [WARNING] WatchGodReload detected file change in '['/export/home/dpower/jag/eta_master/scripts/py/monitor/myapp.log']'. Reloading...
2024-06-10 01:12:02 [WARNING] WatchGodReload detected file change in '['/export/home/dpower/jag/eta_master/scripts/py/monitor/myapp.log']'. Reloading...
2024-06-10 01:12:02 [WARNING] WatchGodReload detected file change in '['/export/home/dpower/jag/eta_master/scripts/py/monitor/myapp.log']'. Reloading...
2024-06-10 01:12:02 [WARNING] WatchGodReload detected file change in '['/export/home/dpower/jag/eta_master/scripts/py/monitor/myapp.log']'. Reloading...
2024-06-10 01:12:02 [WARNING] WatchGodReload detected file change in '['/export/home/dpower/jag/eta_master/scripts/py/monitor/myapp.log']'. Reloading...
2024-06-10 01:12:03 [WARNING] WatchGodReload detected file change in '['/export/home/dpower/jag/eta_master/scripts/py/monitor/myapp.log']'. Reloading...
2024-06-10 01:12:03 [WARNING] WatchGodReload detected file change in '['/export/home/dpower/jag/eta_master/scripts/py/monitor/myapp.log']'. Reloading...
2024-06-10 01:12:03 [WARNING] WatchGodReload detected file change in '['/export/home/dpower/jag/eta_master/scripts/py/monitor/myapp.log']'. Reloading...
2024-06-10 01:12:03 [WARNING] WatchGodReload detected file change in '['/export/home/dpower/jag/eta_master/scripts/py/monitor/myapp.log']'. Reloading...
2024-06-10 01:12:04 [WARNING] WatchGodReload detected file change in '['/export/home/dpower/jag/eta_master/scripts/py/monitor/myapp.log']'. Reloading...
2024-06-10 01:12:04 [WARNING] WatchGodReload detected file change in '['/export/home/dpower/jag/eta_master/scripts/py/monitor/myapp.log']'. Reloading...
2024-06-10 01:12:04 [WARNING] WatchGodReload detected file change in '['/export/home/dpower/jag/eta_master/scripts/py/monitor/myapp.log']'. Reloading...
2024-06-10 01:12:04 [WARNING] WatchGodReload detected file change in '['/export/home/dpower/jag/eta_master/scripts/py/monitor/myapp.log']'. Reloading...
2024-06-10 01:12:05 [WARNING] WatchGodReload detected file change in '['/export/home/dpower/jag/eta_master/scripts/py/monitor/myapp.log']'. Reloading...
2024-06-10 01:12:05 [WARNING] WatchGodReload detected file change in '['/export/home/dpower/jag/eta_master/scripts/py/monitor/myapp.log']'. Reloading...
2024-06-10 01:12:05 [WARNING] WatchGodReload detected file change in '['/export/home/dpower/jag/eta_master/scripts/py/monitor/myapp.log']'. Reloading...
2024-06-10 01:12:05 [WARNING] WatchGodReload detected file change in '['/export/home/dpower/jag/eta_master/scripts/py/monitor/myapp.log']'. Reloading...
2024-06-10 01:12:06 [WARNING] WatchGodReload detected file change in '['/export/home/dpower/jag/eta_master/scripts/py/monitor/myapp.log']'. Reloading...
2024-06-10 01:12:06 [WARNING] WatchGodReload detected file change in '['/export/home/dpower/jag/eta_master/scripts/py/monitor/myapp.log']'. Reloading...
2024-06-10 01:12:06 [WARNING] WatchGodReload detected file change in '['/export/home/dpower/jag/eta_master/scripts/py/monitor/myapp.log']'. Reloading...
2024-06-10 01:12:06 [WARNING] WatchGodReload detected file change in '['/export/home/dpower/jag/eta_master/scripts/py/monitor/myapp.log']'. Reloading...
2024-06-10 01:12:07 [WARNING] WatchGodReload detected file change in '['/export/home/dpower/jag/eta_master/scripts/py/monitor/myapp.log']'. Reloading...
2024-06-10 01:12:07 [WARNING] WatchGodReload detected file change in '['/export/home/dpower/jag/eta_master/scripts/py/monitor/myapp.log']'. Reloading...
2024-06-10 01:12:07 [WARNING] WatchGodReload detected file change in '['/export/home/dpower/jag/eta_master/scripts/py/monitor/myapp.log']'. Reloading...
2024-06-10 01:12:07 [WARNING] WatchGodReload detected file change in '['/export/home/dpower/jag/eta_master/scripts/py/monitor/myapp.log']'. Reloading...
2024-06-10 01:12:08 [WARNING] WatchGodReload detected file change in '['/export/home/dpower/jag/eta_master/scripts/py/monitor/myapp.log']'. Reloading...
2024-06-10 01:12:08 [WARNING] WatchGodReload detected file change in '['/export/home/dpower/jag/eta_master/scripts/py/monitor/myapp.log']'. Reloading...
2024-06-10 01:12:08 [WARNING] WatchGodReload detected file change in '['/export/home/dpower/jag/eta_master/scripts/py/monitor/myapp.log']'. Reloading...
2024-06-10 01:12:08 [WARNING] WatchGodReload detected file change in '['/export/home/dpower/jag/eta_master/scripts/py/monitor/myapp.log']'. Reloading...
2024-06-10 01:12:09 [WARNING] WatchGodReload detected file change in '['/export/home/dpower/jag/eta_master/scripts/py/monitor/myapp.log']'. Reloading...
2024-06-10 01:12:09 [WARNING] WatchGodReload detected file change in '['/export/home/dpower/jag/eta_master/scripts/py/monitor/myapp.log']'. Reloading...
2024-06-10 01:12:09 [WARNING] WatchGodReload detected file change in '['/export/home/dpower/jag/eta_master/scripts/py/monitor/myapp.log']'. Reloading...
2024-06-10 01:12:10 [WARNING] WatchGodReload detected file change in '['/export/home/dpower/jag/eta_master/scripts/py/monitor/myapp.log']'. Reloading...
2024-06-10 01:12:10 [WARNING] WatchGodReload detected file change in '['/export/home/dpower/jag/eta_master/scripts/py/monitor/myapp.log']'. Reloading...
2024-06-10 01:12:10 [WARNING] WatchGodReload detected file change in '['/export/home/dpower/jag/eta_master/scripts/py/monitor/myapp.log']'. Reloading...
2024-06-10 01:12:10 [WARNING] WatchGodReload detected file change in '['/export/home/dpower/jag/eta_master/scripts/py/monitor/myapp.log']'. Reloading...
2024-06-10 01:12:11 [WARNING] WatchGodReload detected file change in '['/export/home/dpower/jag/eta_master/scripts/py/monitor/myapp.log']'. Reloading...
2024-06-10 01:12:11 [WARNING] WatchGodReload detected file change in '['/export/home/dpower/jag/eta_master/scripts/py/monitor/myapp.log']'. Reloading...
2024-06-10 01:12:11 [WARNING] WatchGodReload detected file change in '['/export/home/dpower/jag/eta_master/scripts/py/monitor/myapp.log']'. Reloading...
2024-06-10 01:12:11 [WARNING] WatchGodReload detected file change in '['/export/home/dpower/jag/eta_master/scripts/py/monitor/myapp.log']'. Reloading...
2024-06-10 01:12:12 [WARNING] WatchGodReload detected file change in '['/export/home/dpower/jag/eta_master/scripts/py/monitor/myapp.log']'. Reloading...
2024-06-10 01:12:12 [WARNING] WatchGodReload detected file change in '['/export/home/dpower/jag/eta_master/scripts/py/monitor/myapp.log']'. Reloading...
2024-06-10 01:12:12 [WARNING] WatchGodReload detected file change in '['/export/home/dpower/jag/eta_master/scripts/py/monitor/myapp.log']'. Reloading...
2024-06-10 01:12:12 [WARNING] WatchGodReload detected file change in '['/export/home/dpower/jag/eta_master/scripts/py/monitor/myapp.log']'. Reloading...
2024-06-10 01:12:13 [WARNING] WatchGodReload detected file change in '['/export/home/dpower/jag/eta_master/scripts/py/monitor/myapp.log']'. Reloading...
2024-06-10 01:12:13 [WARNING] WatchGodReload detected file change in '['/export/home/dpower/jag/eta_master/scripts/py/monitor/myapp.log']'. Reloading...
2024-06-10 01:12:13 [WARNING] WatchGodReload detected file change in '['/export/home/dpower/jag/eta_master/scripts/py/monitor/myapp.log']'. Reloading...
2024-06-10 01:12:13 [WARNING] WatchGodReload detected file change in '['/export/home/dpower/jag/eta_master/scripts/py/monitor/myapp.log']'. Reloading...
2024-06-10 01:12:14 [WARNING] WatchGodReload detected file change in '['/export/home/dpower/jag/eta_master/scripts/py/monitor/myapp.log']'. Reloading...
2024-06-10 01:12:14 [WARNING] WatchGodReload detected file change in '['/export/home/dpower/jag/eta_master/scripts/py/monitor/myapp.log']'. Reloading...
2024-06-10 01:12:14 [WARNING] WatchGodReload detected file change in '['/export/home/dpower/jag/eta_master/scripts/py/monitor/myapp.log']'. Reloading...
2024-06-10 01:12:14 [WARNING] WatchGodReload detected file change in '['/export/home/dpower/jag/eta_master/scripts/py/monitor/myapp.log']'. Reloading...
2024-06-10 01:12:15 [WARNING] WatchGodReload detected file change in '['/export/home/dpower/jag/eta_master/scripts/py/monitor/myapp.log']'. Reloading...
2024-06-10 01:12:15 [WARNING] WatchGodReload detected file change in '['/export/home/dpower/jag/eta_master/scripts/py/monitor/myapp.log']'. Reloading...
2024-06-10 01:12:15 [WARNING] WatchGodReload detected file change in '['/export/home/dpower/jag/eta_master/scripts/py/monitor/myapp.log']'. Reloading...
2024-06-10 01:12:16 [WARNING] WatchGodReload detected file change in '['/export/home/dpower/jag/eta_master/scripts/py/monitor/myapp.log']'. Reloading...
2024-06-10 01:12:16 [WARNING] WatchGodReload detected file change in '['/export/home/dpower/jag/eta_master/scripts/py/monitor/myapp.log']'. Reloading...
2024-06-10 01:12:16 [WARNING] WatchGodReload detected file change in '['/export/home/dpower/jag/eta_master/scripts/py/monitor/myapp.log']'. Reloading...
2024-06-10 01:12:16 [WARNING] WatchGodReload detected file change in '['/export/home/dpower/jag/eta_master/scripts/py/monitor/myapp.log']'. Reloading...
2024-06-10 01:12:17 [WARNING] WatchGodReload detected file change in '['/export/home/dpower/jag/eta_master/scripts/py/monitor/myapp.log']'. Reloading...
2024-06-10 01:12:17 [WARNING] WatchGodReload detected file change in '['/export/home/dpower/jag/eta_master/scripts/py/monitor/myapp.log']'. Reloading...
2024-06-10 01:12:17 [WARNING] WatchGodReload detected file change in '['/export/home/dpower/jag/eta_master/scripts/py/monitor/myapp.log']'. Reloading...
2024-06-10 01:12:17 [WARNING] WatchGodReload detected file change in '['/export/home/dpower/jag/eta_master/scripts/py/monitor/myapp.log']'. Reloading...
2024-06-10 01:12:18 [WARNING] WatchGodReload detected file change in '['/export/home/dpower/jag/eta_master/scripts/py/monitor/myapp.log']'. Reloading...
2024-06-10 01:12:18 [WARNING] WatchGodReload detected file change in '['/export/home/dpower/jag/eta_master/scripts/py/monitor/myapp.log']'. Reloading...
2024-06-10 01:12:18 [WARNING] WatchGodReload detected file change in '['/export/home/dpower/jag/eta_master/scripts/py/monitor/myapp.log']'. Reloading...
2024-06-10 01:12:18 [WARNING] WatchGodReload detected file change in '['/export/home/dpower/jag/eta_master/scripts/py/monitor/myapp.log']'. Reloading...
2024-06-10 01:12:19 [WARNING] WatchGodReload detected file change in '['/export/home/dpower/jag/eta_master/scripts/py/monitor/myapp.log']'. Reloading...
2024-06-10 01:12:19 [WARNING] WatchGodReload detected file change in '['/export/home/dpower/jag/eta_master/scripts/py/monitor/myapp.log']'. Reloading...
2024-06-10 01:12:19 [WARNING] WatchGodReload detected file change in '['/export/home/dpower/jag/eta_master/scripts/py/monitor/myapp.log']'. Reloading...
2024-06-10 01:12:19 [WARNING] WatchGodReload detected file change in '['/export/home/dpower/jag/eta_master/scripts/py/monitor/myapp.log']'. Reloading...
2024-06-10 01:12:20 [WARNING] WatchGodReload detected file change in '['/export/home/dpower/jag/eta_master/scripts/py/monitor/myapp.log']'. Reloading...
2024-06-10 01:12:20 [WARNING] WatchGodReload detected file change in '['/export/home/dpower/jag/eta_master/scripts/py/monitor/myapp.log']'. Reloading...
2024-06-10 01:12:20 [WARNING] WatchGodReload detected file change in '['/export/home/dpower/jag/eta_master/scripts/py/monitor/myapp.log']'. Reloading...
2024-06-10 01:12:20 [WARNING] WatchGodReload detected file change in '['/export/home/dpower/jag/eta_master/scripts/py/monitor/myapp.log']'. Reloading...
2024-06-10 01:12:21 [WARNING] WatchGodReload detected file change in '['/export/home/dpower/jag/eta_master/scripts/py/monitor/myapp.log']'. Reloading...
2024-06-10 01:12:21 [WARNING] WatchGodReload detected file change in '['/export/home/dpower/jag/eta_master/scripts/py/monitor/myapp.log']'. Reloading...
2024-06-10 01:12:21 [WARNING] WatchGodReload detected file change in '['/export/home/dpower/jag/eta_master/scripts/py/monitor/myapp.log']'. Reloading...
2024-06-10 01:12:21 [WARNING] WatchGodReload detected file change in '['/export/home/dpower/jag/eta_master/scripts/py/monitor/myapp.log']'. Reloading...
2024-06-10 01:12:22 [WARNING] WatchGodReload detected file change in '['/export/home/dpower/jag/eta_master/scripts/py/monitor/myapp.log']'. Reloading...
2024-06-10 01:12:22 [WARNING] WatchGodReload detected file change in '['/export/home/dpower/jag/eta_master/scripts/py/monitor/myapp.log']'. Reloading...
2024-06-10 01:12:22 [WARNING] WatchGodReload detected file change in '['/export/home/dpower/jag/eta_master/scripts/py/monitor/myapp.log']'. Reloading...
2024-06-10 01:12:23 [WARNING] WatchGodReload detected file change in '['/export/home/dpower/jag/eta_master/scripts/py/monitor/myapp.log']'. Reloading...
2024-06-10 01:12:23 [WARNING] WatchGodReload detected file change in '['/export/home/dpower/jag/eta_master/scripts/py/monitor/myapp.log']'. Reloading...
2024-06-10 01:12:23 [WARNING] WatchGodReload detected file change in '['/export/home/dpower/jag/eta_master/scripts/py/monitor/myapp.log']'. Reloading...
2024-06-10 01:12:23 [WARNING] WatchGodReload detected file change in '['/export/home/dpower/jag/eta_master/scripts/py/monitor/myapp.log']'. Reloading...
2024-06-10 01:12:24 [WARNING] WatchGodReload detected file change in '['/export/home/dpower/jag/eta_master/scripts/py/monitor/myapp.log']'. Reloading...
2024-06-10 01:12:24 [WARNING] WatchGodReload detected file change in '['/export/home/dpower/jag/eta_master/scripts/py/monitor/myapp.log']'. Reloading...
2024-06-10 01:12:24 [WARNING] WatchGodReload detected file change in '['/export/home/dpower/jag/eta_master/scripts/py/monitor/myapp.log']'. Reloading...
2024-06-10 01:12:24 [WARNING] WatchGodReload detected file change in '['/export/home/dpower/jag/eta_master/scripts/py/monitor/myapp.log']'. Reloading...
2024-06-10 01:12:25 [WARNING] WatchGodReload detected file change in '['/export/home/dpower/jag/eta_master/scripts/py/monitor/myapp.log']'. Reloading...
2024-06-10 01:12:25 [WARNING] WatchGodReload detected file change in '['/export/home/dpower/jag/eta_master/scripts/py/monitor/myapp.log']'. Reloading...
2024-06-10 01:12:25 [WARNING] WatchGodReload detected file change in '['/export/home/dpower/jag/eta_master/scripts/py/monitor/myapp.log']'. Reloading...
2024-06-10 01:12:25 [WARNING] WatchGodReload detected file change in '['/export/home/dpower/jag/eta_master/scripts/py/monitor/myapp.log']'. Reloading...
2024-06-10 01:12:26 [WARNING] WatchGodReload detected file change in '['/export/home/dpower/jag/eta_master/scripts/py/monitor/myapp.log']'. Reloading...
2024-06-10 01:12:26 [WARNING] WatchGodReload detected file change in '['/export/home/dpower/jag/eta_master/scripts/py/monitor/myapp.log']'. Reloading...
2024-06-10 01:12:26 [WARNING] WatchGodReload detected file change in '['/export/home/dpower/jag/eta_master/scripts/py/monitor/myapp.log']'. Reloading...
2024-06-10 01:12:26 [WARNING] WatchGodReload detected file change in '['/export/home/dpower/jag/eta_master/scripts/py/monitor/myapp.log']'. Reloading...
2024-06-10 01:12:27 [WARNING] WatchGodReload detected file change in '['/export/home/dpower/jag/eta_master/scripts/py/monitor/myapp.log']'. Reloading...
2024-06-10 01:12:27 [WARNING] WatchGodReload detected file change in '['/export/home/dpower/jag/eta_master/scripts/py/monitor/myapp.log']'. Reloading...
2024-06-10 01:12:27 [WARNING] WatchGodReload detected file change in '['/export/home/dpower/jag/eta_master/scripts/py/monitor/myapp.log']'. Reloading...
2024-06-10 01:12:27 [WARNING] WatchGodReload detected file change in '['/export/home/dpower/jag/eta_master/scripts/py/monitor/myapp.log']'. Reloading...
2024-06-10 01:12:28 [WARNING] WatchGodReload detected file change in '['/export/home/dpower/jag/eta_master/scripts/py/monitor/myapp.log']'. Reloading...
2024-06-10 01:12:28 [WARNING] WatchGodReload detected file change in '['/export/home/dpower/jag/eta_master/scripts/py/monitor/myapp.log']'. Reloading...
2024-06-10 01:12:28 [WARNING] WatchGodReload detected file change in '['/export/home/dpower/jag/eta_master/scripts/py/monitor/myapp.log']'. Reloading...
2024-06-10 01:12:28 [WARNING] WatchGodReload detected file change in '['/export/home/dpower/jag/eta_master/scripts/py/monitor/myapp.log']'. Reloading...
2024-06-10 01:12:29 [WARNING] WatchGodReload detected file change in '['/export/home/dpower/jag/eta_master/scripts/py/monitor/myapp.log']'. Reloading...
2024-06-10 01:12:29 [WARNING] WatchGodReload detected file change in '['/export/home/dpower/jag/eta_master/scripts/py/monitor/myapp.log']'. Reloading...
2024-06-10 01:12:29 [WARNING] WatchGodReload detected file change in '['/export/home/dpower/jag/eta_master/scripts/py/monitor/myapp.log']'. Reloading...
2024-06-10 01:12:30 [WARNING] WatchGodReload detected file change in '['/export/home/dpower/jag/eta_master/scripts/py/monitor/myapp.log']'. Reloading...
2024-06-10 01:12:30 [WARNING] WatchGodReload detected file change in '['/export/home/dpower/jag/eta_master/scripts/py/monitor/myapp.log']'. Reloading...
2024-06-10 01:12:30 [WARNING] WatchGodReload detected file change in '['/export/home/dpower/jag/eta_master/scripts/py/monitor/myapp.log']'. Reloading...
2024-06-10 01:12:30 [WARNING] WatchGodReload detected file change in '['/export/home/dpower/jag/eta_master/scripts/py/monitor/myapp.log']'. Reloading...
2024-06-10 01:12:31 [WARNING] WatchGodReload detected file change in '['/export/home/dpower/jag/eta_master/scripts/py/monitor/myapp.log']'. Reloading...
2024-06-10 01:12:31 [WARNING] WatchGodReload detected file change in '['/export/home/dpower/jag/eta_master/scripts/py/monitor/myapp.log']'. Reloading...
2024-06-10 01:12:31 [WARNING] WatchGodReload detected file change in '['/export/home/dpower/jag/eta_master/scripts/py/monitor/myapp.log']'. Reloading...
2024-06-10 01:12:31 [WARNING] WatchGodReload detected file change in '['/export/home/dpower/jag/eta_master/scripts/py/monitor/myapp.log']'. Reloading...
2024-06-10 01:12:32 [WARNING] WatchGodReload detected file change in '['/export/home/dpower/jag/eta_master/scripts/py/monitor/myapp.log']'. Reloading...
2024-06-10 01:12:32 [WARNING] WatchGodReload detected file change in '['/export/home/dpower/jag/eta_master/scripts/py/monitor/myapp.log']'. Reloading...
2024-06-10 01:12:32 [WARNING] WatchGodReload detected file change in '['/export/home/dpower/jag/eta_master/scripts/py/monitor/myapp.log']'. Reloading...
2024-06-10 01:12:32 [WARNING] WatchGodReload detected file change in '['/export/home/dpower/jag/eta_master/scripts/py/monitor/myapp.log']'. Reloading...
2024-06-10 01:12:33 [WARNING] WatchGodReload detected file change in '['/export/home/dpower/jag/eta_master/scripts/py/monitor/myapp.log']'. Reloading...
2024-06-10 01:12:33 [WARNING] WatchGodReload detected file change in '['/export/home/dpower/jag/eta_master/scripts/py/monitor/myapp.log']'. Reloading...
2024-06-10 01:12:33 [WARNING] WatchGodReload detected file change in '['/export/home/dpower/jag/eta_master/scripts/py/monitor/myapp.log']'. Reloading...
2024-06-10 01:12:33 [WARNING] WatchGodReload detected file change in '['/export/home/dpower/jag/eta_master/scripts/py/monitor/myapp.log']'. Reloading...
2024-06-10 01:12:34 [WARNING] WatchGodReload detected file change in '['/export/home/dpower/jag/eta_master/scripts/py/monitor/myapp.log']'. Reloading...
2024-06-10 01:12:34 [WARNING] WatchGodReload detected file change in '['/export/home/dpower/jag/eta_master/scripts/py/monitor/myapp.log']'. Reloading...
2024-06-10 01:12:34 [WARNING] WatchGodReload detected file change in '['/export/home/dpower/jag/eta_master/scripts/py/monitor/myapp.log']'. Reloading...
2024-06-10 01:12:34 [WARNING] WatchGodReload detected file change in '['/export/home/dpower/jag/eta_master/scripts/py/monitor/myapp.log']'. Reloading...
2024-06-10 01:12:35 [WARNING] WatchGodReload detected file change in '['/export/home/dpower/jag/eta_master/scripts/py/monitor/myapp.log']'. Reloading...
2024-06-10 01:12:35 [WARNING] WatchGodReload detected file change in '['/export/home/dpower/jag/eta_master/scripts/py/monitor/myapp.log']'. Reloading...
2024-06-10 01:12:35 [WARNING] WatchGodReload detected file change in '['/export/home/dpower/jag/eta_master/scripts/py/monitor/myapp.log']'. Reloading...
2024-06-10 01:12:36 [WARNING] WatchGodReload detected file change in '['/export/home/dpower/jag/eta_master/scripts/py/monitor/myapp.log']'. Reloading...
2024-06-10 01:12:36 [WARNING] WatchGodReload detected file change in '['/export/home/dpower/jag/eta_master/scripts/py/monitor/myapp.log']'. Reloading...
2024-06-10 01:12:36 [WARNING] WatchGodReload detected file change in '['/export/home/dpower/jag/eta_master/scripts/py/monitor/myapp.log']'. Reloading...
2024-06-10 01:12:36 [WARNING] WatchGodReload detected file change in '['/export/home/dpower/jag/eta_master/scripts/py/monitor/myapp.log']'. Reloading...
2024-06-10 01:12:37 [WARNING] WatchGodReload detected file change in '['/export/home/dpower/jag/eta_master/scripts/py/monitor/myapp.log']'. Reloading...
2024-06-10 01:12:37 [WARNING] WatchGodReload detected file change in '['/export/home/dpower/jag/eta_master/scripts/py/monitor/myapp.log']'. Reloading...
2024-06-10 01:12:37 [WARNING] WatchGodReload detected file change in '['/export/home/dpower/jag/eta_master/scripts/py/monitor/myapp.log']'. Reloading...
2024-06-10 01:12:37 [WARNING] WatchGodReload detected file change in '['/export/home/dpower/jag/eta_master/scripts/py/monitor/myapp.log']'. Reloading...
2024-06-10 01:12:38 [WARNING] WatchGodReload detected file change in '['/export/home/dpower/jag/eta_master/scripts/py/monitor/myapp.log']'. Reloading...
2024-06-10 01:12:38 [WARNING] WatchGodReload detected file change in '['/export/home/dpower/jag/eta_master/scripts/py/monitor/myapp.log']'. Reloading...
2024-06-10 01:12:38 [WARNING] WatchGodReload detected file change in '['/export/home/dpower/jag/eta_master/scripts/py/monitor/myapp.log']'. Reloading...
2024-06-10 01:12:38 [WARNING] WatchGodReload detected file change in '['/export/home/dpower/jag/eta_master/scripts/py/monitor/myapp.log']'. Reloading...
2024-06-10 01:12:39 [WARNING] WatchGodReload detected file change in '['/export/home/dpower/jag/eta_master/scripts/py/monitor/myapp.log']'. Reloading...
2024-06-10 01:12:39 [WARNING] WatchGodReload detected file change in '['/export/home/dpower/jag/eta_master/scripts/py/monitor/myapp.log']'. Reloading...
2024-06-10 01:12:39 [WARNING] WatchGodReload detected file change in '['/export/home/dpower/jag/eta_master/scripts/py/monitor/myapp.log']'. Reloading...
2024-06-10 01:12:39 [WARNING] WatchGodReload detected file change in '['/export/home/dpower/jag/eta_master/scripts/py/monitor/myapp.log']'. Reloading...
2024-06-10 01:12:40 [WARNING] WatchGodReload detected file change in '['/export/home/dpower/jag/eta_master/scripts/py/monitor/myapp.log']'. Reloading...
2024-06-10 01:12:40 [WARNING] WatchGodReload detected file change in '['/export/home/dpower/jag/eta_master/scripts/py/monitor/myapp.log']'. Reloading...
2024-06-10 01:12:40 [WARNING] WatchGodReload detected file change in '['/export/home/dpower/jag/eta_master/scripts/py/monitor/myapp.log']'. Reloading...
2024-06-10 01:12:40 [WARNING] WatchGodReload detected file change in '['/export/home/dpower/jag/eta_master/scripts/py/monitor/myapp.log']'. Reloading...
2024-06-10 01:12:41 [WARNING] WatchGodReload detected file change in '['/export/home/dpower/jag/eta_master/scripts/py/monitor/myapp.log']'. Reloading...
2024-06-10 01:12:41 [WARNING] WatchGodReload detected file change in '['/export/home/dpower/jag/eta_master/scripts/py/monitor/myapp.log']'. Reloading...
2024-06-10 01:12:41 [WARNING] WatchGodReload detected file change in '['/export/home/dpower/jag/eta_master/scripts/py/monitor/myapp.log']'. Reloading...
2024-06-10 01:12:42 [WARNING] WatchGodReload detected file change in '['/export/home/dpower/jag/eta_master/scripts/py/monitor/myapp.log']'. Reloading...
2024-06-10 01:12:42 [WARNING] WatchGodReload detected file change in '['/export/home/dpower/jag/eta_master/scripts/py/monitor/myapp.log']'. Reloading...
2024-06-10 01:12:42 [WARNING] WatchGodReload detected file change in '['/export/home/dpower/jag/eta_master/scripts/py/monitor/myapp.log']'. Reloading...
2024-06-10 01:12:42 [WARNING] WatchGodReload detected file change in '['/export/home/dpower/jag/eta_master/scripts/py/monitor/myapp.log']'. Reloading...
2024-06-10 01:12:43 [WARNING] WatchGodReload detected file change in '['/export/home/dpower/jag/eta_master/scripts/py/monitor/myapp.log']'. Reloading...
2024-06-10 01:12:43 [WARNING] WatchGodReload detected file change in '['/export/home/dpower/jag/eta_master/scripts/py/monitor/myapp.log']'. Reloading...
2024-06-10 01:12:43 [WARNING] WatchGodReload detected file change in '['/export/home/dpower/jag/eta_master/scripts/py/monitor/myapp.log']'. Reloading...
2024-06-10 01:12:43 [WARNING] WatchGodReload detected file change in '['/export/home/dpower/jag/eta_master/scripts/py/monitor/myapp.log']'. Reloading...
2024-06-10 01:12:44 [WARNING] WatchGodReload detected file change in '['/export/home/dpower/jag/eta_master/scripts/py/monitor/myapp.log']'. Reloading...
2024-06-10 01:12:44 [WARNING] WatchGodReload detected file change in '['/export/home/dpower/jag/eta_master/scripts/py/monitor/myapp.log']'. Reloading...
2024-06-10 01:12:44 [WARNING] WatchGodReload detected file change in '['/export/home/dpower/jag/eta_master/scripts/py/monitor/myapp.log']'. Reloading...
2024-06-10 01:12:44 [WARNING] WatchGodReload detected file change in '['/export/home/dpower/jag/eta_master/scripts/py/monitor/myapp.log']'. Reloading...
2024-06-10 01:12:45 [WARNING] WatchGodReload detected file change in '['/export/home/dpower/jag/eta_master/scripts/py/monitor/myapp.log']'. Reloading...
2024-06-10 01:12:45 [WARNING] WatchGodReload detected file change in '['/export/home/dpower/jag/eta_master/scripts/py/monitor/myapp.log']'. Reloading...
2024-06-10 01:12:45 [WARNING] WatchGodReload detected file change in '['/export/home/dpower/jag/eta_master/scripts/py/monitor/myapp.log']'. Reloading...
2024-06-10 01:12:45 [WARNING] WatchGodReload detected file change in '['/export/home/dpower/jag/eta_master/scripts/py/monitor/myapp.log']'. Reloading...
2024-06-10 01:12:46 [WARNING] WatchGodReload detected file change in '['/export/home/dpower/jag/eta_master/scripts/py/monitor/myapp.log']'. Reloading...
2024-06-10 01:12:46 [WARNING] WatchGodReload detected file change in '['/export/home/dpower/jag/eta_master/scripts/py/monitor/myapp.log']'. Reloading...
2024-06-10 01:12:46 [WARNING] WatchGodReload detected file change in '['/export/home/dpower/jag/eta_master/scripts/py/monitor/myapp.log']'. Reloading...
2024-06-10 01:12:46 [WARNING] WatchGodReload detected file change in '['/export/home/dpower/jag/eta_master/scripts/py/monitor/myapp.log']'. Reloading...
2024-06-10 01:12:47 [WARNING] WatchGodReload detected file change in '['/export/home/dpower/jag/eta_master/scripts/py/monitor/myapp.log']'. Reloading...
2024-06-10 01:12:47 [WARNING] WatchGodReload detected file change in '['/export/home/dpower/jag/eta_master/scripts/py/monitor/myapp.log']'. Reloading...
2024-06-10 01:12:47 [WARNING] WatchGodReload detected file change in '['/export/home/dpower/jag/eta_master/scripts/py/monitor/myapp.log']'. Reloading...
2024-06-10 01:12:48 [WARNING] WatchGodReload detected file change in '['/export/home/dpower/jag/eta_master/scripts/py/monitor/myapp.log']'. Reloading...
2024-06-10 01:12:48 [WARNING] WatchGodReload detected file change in '['/export/home/dpower/jag/eta_master/scripts/py/monitor/myapp.log']'. Reloading...
2024-06-10 01:12:48 [WARNING] WatchGodReload detected file change in '['/export/home/dpower/jag/eta_master/scripts/py/monitor/myapp.log']'. Reloading...
2024-06-10 01:12:48 [WARNING] WatchGodReload detected file change in '['/export/home/dpower/jag/eta_master/scripts/py/monitor/myapp.log']'. Reloading...
2024-06-10 01:12:49 [WARNING] WatchGodReload detected file change in '['/export/home/dpower/jag/eta_master/scripts/py/monitor/myapp.log']'. Reloading...
2024-06-10 01:12:49 [WARNING] WatchGodReload detected file change in '['/export/home/dpower/jag/eta_master/scripts/py/monitor/myapp.log']'. Reloading...
2024-06-10 01:12:49 [WARNING] WatchGodReload detected file change in '['/export/home/dpower/jag/eta_master/scripts/py/monitor/myapp.log']'. Reloading...
2024-06-10 01:12:49 [WARNING] WatchGodReload detected file change in '['/export/home/dpower/jag/eta_master/scripts/py/monitor/myapp.log']'. Reloading...
2024-06-10 01:12:50 [WARNING] WatchGodReload detected file change in '['/export/home/dpower/jag/eta_master/scripts/py/monitor/myapp.log']'. Reloading...
2024-06-10 01:12:50 [WARNING] WatchGodReload detected file change in '['/export/home/dpower/jag/eta_master/scripts/py/monitor/myapp.log']'. Reloading...
2024-06-10 01:12:50 [WARNING] WatchGodReload detected file change in '['/export/home/dpower/jag/eta_master/scripts/py/monitor/myapp.log']'. Reloading...
2024-06-10 01:12:50 [WARNING] WatchGodReload detected file change in '['/export/home/dpower/jag/eta_master/scripts/py/monitor/myapp.log']'. Reloading...
2024-06-10 01:12:51 [WARNING] WatchGodReload detected file change in '['/export/home/dpower/jag/eta_master/scripts/py/monitor/myapp.log']'. Reloading...
2024-06-10 01:12:51 [WARNING] WatchGodReload detected file change in '['/export/home/dpower/jag/eta_master/scripts/py/monitor/myapp.log']'. Reloading...
2024-06-10 01:12:51 [WARNING] WatchGodReload detected file change in '['/export/home/dpower/jag/eta_master/scripts/py/monitor/myapp.log']'. Reloading...
2024-06-10 01:12:51 [WARNING] WatchGodReload detected file change in '['/export/home/dpower/jag/eta_master/scripts/py/monitor/myapp.log']'. Reloading...
2024-06-10 01:12:52 [WARNING] WatchGodReload detected file change in '['/export/home/dpower/jag/eta_master/scripts/py/monitor/myapp.log']'. Reloading...
2024-06-10 01:12:52 [WARNING] WatchGodReload detected file change in '['/export/home/dpower/jag/eta_master/scripts/py/monitor/myapp.log']'. Reloading...
2024-06-10 01:12:52 [WARNING] WatchGodReload detected file change in '['/export/home/dpower/jag/eta_master/scripts/py/monitor/myapp.log']'. Reloading...
2024-06-10 01:12:52 [WARNING] WatchGodReload detected file change in '['/export/home/dpower/jag/eta_master/scripts/py/monitor/myapp.log']'. Reloading...
2024-06-10 01:12:53 [WARNING] WatchGodReload detected file change in '['/export/home/dpower/jag/eta_master/scripts/py/monitor/myapp.log']'. Reloading...
2024-06-10 01:12:53 [WARNING] WatchGodReload detected file change in '['/export/home/dpower/jag/eta_master/scripts/py/monitor/myapp.log']'. Reloading...
2024-06-10 01:12:53 [WARNING] WatchGodReload detected file change in '['/export/home/dpower/jag/eta_master/scripts/py/monitor/myapp.log']'. Reloading...
2024-06-10 01:12:53 [WARNING] WatchGodReload detected file change in '['/export/home/dpower/jag/eta_master/scripts/py/monitor/myapp.log']'. Reloading...
2024-06-10 01:12:54 [WARNING] WatchGodReload detected file change in '['/export/home/dpower/jag/eta_master/scripts/py/monitor/myapp.log']'. Reloading...
2024-06-10 01:12:54 [WARNING] WatchGodReload detected file change in '['/export/home/dpower/jag/eta_master/scripts/py/monitor/myapp.log']'. Reloading...
2024-06-10 01:12:54 [WARNING] WatchGodReload detected file change in '['/export/home/dpower/jag/eta_master/scripts/py/monitor/myapp.log']'. Reloading...
2024-06-10 01:12:55 [WARNING] WatchGodReload detected file change in '['/export/home/dpower/jag/eta_master/scripts/py/monitor/myapp.log']'. Reloading...
2024-06-10 01:12:55 [WARNING] WatchGodReload detected file change in '['/export/home/dpower/jag/eta_master/scripts/py/monitor/myapp.log']'. Reloading...
2024-06-10 01:12:55 [WARNING] WatchGodReload detected file change in '['/export/home/dpower/jag/eta_master/scripts/py/monitor/myapp.log']'. Reloading...
2024-06-10 01:12:55 [WARNING] WatchGodReload detected file change in '['/export/home/dpower/jag/eta_master/scripts/py/monitor/myapp.log']'. Reloading...
2024-06-10 01:12:56 [WARNING] WatchGodReload detected file change in '['/export/home/dpower/jag/eta_master/scripts/py/monitor/myapp.log']'. Reloading...
2024-06-10 01:12:56 [WARNING] WatchGodReload detected file change in '['/export/home/dpower/jag/eta_master/scripts/py/monitor/myapp.log']'. Reloading...
2024-06-10 01:12:56 [WARNING] WatchGodReload detected file change in '['/export/home/dpower/jag/eta_master/scripts/py/monitor/myapp.log']'. Reloading...
2024-06-10 01:12:56 [WARNING] WatchGodReload detected file change in '['/export/home/dpower/jag/eta_master/scripts/py/monitor/myapp.log']'. Reloading...
2024-06-10 01:12:57 [WARNING] WatchGodReload detected file change in '['/export/home/dpower/jag/eta_master/scripts/py/monitor/myapp.log']'. Reloading...
2024-06-10 01:12:57 [WARNING] WatchGodReload detected file change in '['/export/home/dpower/jag/eta_master/scripts/py/monitor/myapp.log']'. Reloading...
2024-06-10 01:12:57 [WARNING] WatchGodReload detected file change in '['/export/home/dpower/jag/eta_master/scripts/py/monitor/myapp.log']'. Reloading...
2024-06-10 01:12:57 [WARNING] WatchGodReload detected file change in '['/export/home/dpower/jag/eta_master/scripts/py/monitor/myapp.log']'. Reloading...
2024-06-10 01:12:58 [WARNING] WatchGodReload detected file change in '['/export/home/dpower/jag/eta_master/scripts/py/monitor/myapp.log']'. Reloading...
2024-06-10 01:12:58 [WARNING] WatchGodReload detected file change in '['/export/home/dpower/jag/eta_master/scripts/py/monitor/myapp.log']'. Reloading...
2024-06-10 01:12:58 [WARNING] WatchGodReload detected file change in '['/export/home/dpower/jag/eta_master/scripts/py/monitor/myapp.log']'. Reloading...
2024-06-10 01:12:58 [WARNING] WatchGodReload detected file change in '['/export/home/dpower/jag/eta_master/scripts/py/monitor/myapp.log']'. Reloading...
2024-06-10 01:12:59 [WARNING] WatchGodReload detected file change in '['/export/home/dpower/jag/eta_master/scripts/py/monitor/myapp.log']'. Reloading...
2024-06-10 01:12:59 [WARNING] WatchGodReload detected file change in '['/export/home/dpower/jag/eta_master/scripts/py/monitor/myapp.log']'. Reloading...
2024-06-10 01:12:59 [WARNING] WatchGodReload detected file change in '['/export/home/dpower/jag/eta_master/scripts/py/monitor/myapp.log']'. Reloading...
2024-06-10 01:12:59 [WARNING] WatchGodReload detected file change in '['/export/home/dpower/jag/eta_master/scripts/py/monitor/myapp.log']'. Reloading...
2024-06-10 01:13:00 [WARNING] WatchGodReload detected file change in '['/export/home/dpower/jag/eta_master/scripts/py/monitor/myapp.log']'. Reloading...
2024-06-10 01:13:00 [WARNING] WatchGodReload detected file change in '['/export/home/dpower/jag/eta_master/scripts/py/monitor/myapp.log']'. Reloading...
2024-06-10 01:13:00 [WARNING] WatchGodReload detected file change in '['/export/home/dpower/jag/eta_master/scripts/py/monitor/myapp.log']'. Reloading...
2024-06-10 01:13:01 [WARNING] WatchGodReload detected file change in '['/export/home/dpower/jag/eta_master/scripts/py/monitor/myapp.log']'. Reloading...
2024-06-10 01:13:01 [WARNING] WatchGodReload detected file change in '['/export/home/dpower/jag/eta_master/scripts/py/monitor/myapp.log']'. Reloading...
2024-06-10 01:13:01 [WARNING] WatchGodReload detected file change in '['/export/home/dpower/jag/eta_master/scripts/py/monitor/myapp.log']'. Reloading...
2024-06-10 01:13:01 [WARNING] WatchGodReload detected file change in '['/export/home/dpower/jag/eta_master/scripts/py/monitor/myapp.log']'. Reloading...
2024-06-10 01:13:02 [WARNING] WatchGodReload detected file change in '['/export/home/dpower/jag/eta_master/scripts/py/monitor/myapp.log']'. Reloading...
2024-06-10 01:13:02 [WARNING] WatchGodReload detected file change in '['/export/home/dpower/jag/eta_master/scripts/py/monitor/myapp.log']'. Reloading...
2024-06-10 01:13:02 [WARNING] WatchGodReload detected file change in '['/export/home/dpower/jag/eta_master/scripts/py/monitor/myapp.log']'. Reloading...
2024-06-10 01:13:02 [WARNING] WatchGodReload detected file change in '['/export/home/dpower/jag/eta_master/scripts/py/monitor/myapp.log']'. Reloading...
2024-06-10 01:13:03 [WARNING] WatchGodReload detected file change in '['/export/home/dpower/jag/eta_master/scripts/py/monitor/myapp.log']'. Reloading...
2024-06-10 01:13:03 [WARNING] WatchGodReload detected file change in '['/export/home/dpower/jag/eta_master/scripts/py/monitor/myapp.log']'. Reloading...
2024-06-10 01:13:03 [WARNING] WatchGodReload detected file change in '['/export/home/dpower/jag/eta_master/scripts/py/monitor/myapp.log']'. Reloading...
2024-06-10 01:13:03 [WARNING] WatchGodReload detected file change in '['/export/home/dpower/jag/eta_master/scripts/py/monitor/myapp.log']'. Reloading...
2024-06-10 01:13:04 [WARNING] WatchGodReload detected file change in '['/export/home/dpower/jag/eta_master/scripts/py/monitor/myapp.log']'. Reloading...
2024-06-10 01:13:04 [WARNING] WatchGodReload detected file change in '['/export/home/dpower/jag/eta_master/scripts/py/monitor/myapp.log']'. Reloading...
2024-06-10 01:13:04 [WARNING] WatchGodReload detected file change in '['/export/home/dpower/jag/eta_master/scripts/py/monitor/myapp.log']'. Reloading...
2024-06-10 01:13:04 [WARNING] WatchGodReload detected file change in '['/export/home/dpower/jag/eta_master/scripts/py/monitor/myapp.log']'. Reloading...
2024-06-10 01:13:05 [WARNING] WatchGodReload detected file change in '['/export/home/dpower/jag/eta_master/scripts/py/monitor/myapp.log']'. Reloading...
2024-06-10 01:13:05 [WARNING] WatchGodReload detected file change in '['/export/home/dpower/jag/eta_master/scripts/py/monitor/myapp.log']'. Reloading...
2024-06-10 01:13:05 [WARNING] WatchGodReload detected file change in '['/export/home/dpower/jag/eta_master/scripts/py/monitor/myapp.log']'. Reloading...
2024-06-10 01:13:05 [WARNING] WatchGodReload detected file change in '['/export/home/dpower/jag/eta_master/scripts/py/monitor/myapp.log']'. Reloading...
2024-06-10 01:13:06 [WARNING] WatchGodReload detected file change in '['/export/home/dpower/jag/eta_master/scripts/py/monitor/myapp.log']'. Reloading...
2024-06-10 01:13:06 [WARNING] WatchGodReload detected file change in '['/export/home/dpower/jag/eta_master/scripts/py/monitor/myapp.log']'. Reloading...
2024-06-10 01:13:06 [WARNING] WatchGodReload detected file change in '['/export/home/dpower/jag/eta_master/scripts/py/monitor/myapp.log']'. Reloading...
2024-06-10 01:13:06 [WARNING] WatchGodReload detected file change in '['/export/home/dpower/jag/eta_master/scripts/py/monitor/myapp.log']'. Reloading...
2024-06-10 01:13:07 [WARNING] WatchGodReload detected file change in '['/export/home/dpower/jag/eta_master/scripts/py/monitor/myapp.log']'. Reloading...
2024-06-10 01:13:07 [WARNING] WatchGodReload detected file change in '['/export/home/dpower/jag/eta_master/scripts/py/monitor/myapp.log']'. Reloading...
2024-06-10 01:13:07 [WARNING] WatchGodReload detected file change in '['/export/home/dpower/jag/eta_master/scripts/py/monitor/myapp.log']'. Reloading...
2024-06-10 01:13:08 [WARNING] WatchGodReload detected file change in '['/export/home/dpower/jag/eta_master/scripts/py/monitor/myapp.log']'. Reloading...
2024-06-10 01:13:08 [WARNING] WatchGodReload detected file change in '['/export/home/dpower/jag/eta_master/scripts/py/monitor/myapp.log']'. Reloading...
2024-06-10 01:13:08 [WARNING] WatchGodReload detected file change in '['/export/home/dpower/jag/eta_master/scripts/py/monitor/myapp.log']'. Reloading...
2024-06-10 01:13:08 [WARNING] WatchGodReload detected file change in '['/export/home/dpower/jag/eta_master/scripts/py/monitor/myapp.log']'. Reloading...
2024-06-10 01:13:09 [WARNING] WatchGodReload detected file change in '['/export/home/dpower/jag/eta_master/scripts/py/monitor/myapp.log']'. Reloading...
2024-06-10 01:13:09 [WARNING] WatchGodReload detected file change in '['/export/home/dpower/jag/eta_master/scripts/py/monitor/myapp.log']'. Reloading...
2024-06-10 01:13:09 [WARNING] WatchGodReload detected file change in '['/export/home/dpower/jag/eta_master/scripts/py/monitor/myapp.log']'. Reloading...
2024-06-10 01:13:09 [WARNING] WatchGodReload detected file change in '['/export/home/dpower/jag/eta_master/scripts/py/monitor/myapp.log']'. Reloading...
2024-06-10 01:13:10 [WARNING] WatchGodReload detected file change in '['/export/home/dpower/jag/eta_master/scripts/py/monitor/myapp.log']'. Reloading...
2024-06-10 01:13:10 [WARNING] WatchGodReload detected file change in '['/export/home/dpower/jag/eta_master/scripts/py/monitor/myapp.log']'. Reloading...
2024-06-10 01:13:10 [WARNING] WatchGodReload detected file change in '['/export/home/dpower/jag/eta_master/scripts/py/monitor/myapp.log']'. Reloading...
2024-06-10 01:13:10 [WARNING] WatchGodReload detected file change in '['/export/home/dpower/jag/eta_master/scripts/py/monitor/myapp.log']'. Reloading...
2024-06-10 01:13:11 [WARNING] WatchGodReload detected file change in '['/export/home/dpower/jag/eta_master/scripts/py/monitor/myapp.log']'. Reloading...
2024-06-10 01:13:11 [WARNING] WatchGodReload detected file change in '['/export/home/dpower/jag/eta_master/scripts/py/monitor/myapp.log']'. Reloading...
2024-06-10 01:13:11 [WARNING] WatchGodReload detected file change in '['/export/home/dpower/jag/eta_master/scripts/py/monitor/myapp.log']'. Reloading...
2024-06-10 01:13:11 [WARNING] WatchGodReload detected file change in '['/export/home/dpower/jag/eta_master/scripts/py/monitor/myapp.log']'. Reloading...
2024-06-10 01:13:12 [WARNING] WatchGodReload detected file change in '['/export/home/dpower/jag/eta_master/scripts/py/monitor/myapp.log']'. Reloading...
2024-06-10 01:13:12 [WARNING] WatchGodReload detected file change in '['/export/home/dpower/jag/eta_master/scripts/py/monitor/myapp.log']'. Reloading...
2024-06-10 01:13:12 [WARNING] WatchGodReload detected file change in '['/export/home/dpower/jag/eta_master/scripts/py/monitor/myapp.log']'. Reloading...
2024-06-10 01:13:12 [WARNING] WatchGodReload detected file change in '['/export/home/dpower/jag/eta_master/scripts/py/monitor/myapp.log']'. Reloading...
2024-06-10 01:13:13 [WARNING] WatchGodReload detected file change in '['/export/home/dpower/jag/eta_master/scripts/py/monitor/myapp.log']'. Reloading...
2024-06-10 01:13:13 [WARNING] WatchGodReload detected file change in '['/export/home/dpower/jag/eta_master/scripts/py/monitor/myapp.log']'. Reloading...
2024-06-10 01:13:13 [WARNING] WatchGodReload detected file change in '['/export/home/dpower/jag/eta_master/scripts/py/monitor/myapp.log']'. Reloading...
2024-06-10 01:13:13 [WARNING] WatchGodReload detected file change in '['/export/home/dpower/jag/eta_master/scripts/py/monitor/myapp.log']'. Reloading...
2024-06-10 01:13:14 [WARNING] WatchGodReload detected file change in '['/export/home/dpower/jag/eta_master/scripts/py/monitor/myapp.log']'. Reloading...
2024-06-10 01:13:14 [WARNING] WatchGodReload detected file change in '['/export/home/dpower/jag/eta_master/scripts/py/monitor/myapp.log']'. Reloading...
2024-06-10 01:13:14 [WARNING] WatchGodReload detected file change in '['/export/home/dpower/jag/eta_master/scripts/py/monitor/myapp.log']'. Reloading...
2024-06-10 01:13:15 [WARNING] WatchGodReload detected file change in '['/export/home/dpower/jag/eta_master/scripts/py/monitor/myapp.log']'. Reloading...
2024-06-10 01:13:15 [WARNING] WatchGodReload detected file change in '['/export/home/dpower/jag/eta_master/scripts/py/monitor/myapp.log']'. Reloading...
2024-06-10 01:13:15 [WARNING] WatchGodReload detected file change in '['/export/home/dpower/jag/eta_master/scripts/py/monitor/myapp.log']'. Reloading...
2024-06-10 01:13:15 [WARNING] WatchGodReload detected file change in '['/export/home/dpower/jag/eta_master/scripts/py/monitor/myapp.log']'. Reloading...
2024-06-10 01:13:16 [WARNING] WatchGodReload detected file change in '['/export/home/dpower/jag/eta_master/scripts/py/monitor/myapp.log']'. Reloading...
2024-06-10 01:13:16 [WARNING] WatchGodReload detected file change in '['/export/home/dpower/jag/eta_master/scripts/py/monitor/myapp.log']'. Reloading...
2024-06-10 01:13:16 [WARNING] WatchGodReload detected file change in '['/export/home/dpower/jag/eta_master/scripts/py/monitor/myapp.log']'. Reloading...
2024-06-10 01:13:16 [WARNING] WatchGodReload detected file change in '['/export/home/dpower/jag/eta_master/scripts/py/monitor/myapp.log']'. Reloading...
2024-06-10 01:13:17 [WARNING] WatchGodReload detected file change in '['/export/home/dpower/jag/eta_master/scripts/py/monitor/myapp.log']'. Reloading...
2024-06-10 01:13:17 [WARNING] WatchGodReload detected file change in '['/export/home/dpower/jag/eta_master/scripts/py/monitor/myapp.log']'. Reloading...
2024-06-10 01:13:17 [WARNING] WatchGodReload detected file change in '['/export/home/dpower/jag/eta_master/scripts/py/monitor/myapp.log']'. Reloading...
2024-06-10 01:13:17 [WARNING] WatchGodReload detected file change in '['/export/home/dpower/jag/eta_master/scripts/py/monitor/myapp.log']'. Reloading...
2024-06-10 01:13:18 [WARNING] WatchGodReload detected file change in '['/export/home/dpower/jag/eta_master/scripts/py/monitor/myapp.log']'. Reloading...
2024-06-10 01:13:18 [WARNING] WatchGodReload detected file change in '['/export/home/dpower/jag/eta_master/scripts/py/monitor/myapp.log']'. Reloading...
2024-06-10 01:13:18 [WARNING] WatchGodReload detected file change in '['/export/home/dpower/jag/eta_master/scripts/py/monitor/myapp.log']'. Reloading...
2024-06-10 01:13:18 [WARNING] WatchGodReload detected file change in '['/export/home/dpower/jag/eta_master/scripts/py/monitor/myapp.log']'. Reloading...
2024-06-10 01:13:19 [WARNING] WatchGodReload detected file change in '['/export/home/dpower/jag/eta_master/scripts/py/monitor/myapp.log']'. Reloading...
2024-06-10 01:13:19 [WARNING] WatchGodReload detected file change in '['/export/home/dpower/jag/eta_master/scripts/py/monitor/myapp.log']'. Reloading...
2024-06-10 01:13:19 [WARNING] WatchGodReload detected file change in '['/export/home/dpower/jag/eta_master/scripts/py/monitor/myapp.log']'. Reloading...
2024-06-10 01:13:19 [WARNING] WatchGodReload detected file change in '['/export/home/dpower/jag/eta_master/scripts/py/monitor/myapp.log']'. Reloading...
2024-06-10 01:13:20 [WARNING] WatchGodReload detected file change in '['/export/home/dpower/jag/eta_master/scripts/py/monitor/myapp.log']'. Reloading...
2024-06-10 01:13:20 [WARNING] WatchGodReload detected file change in '['/export/home/dpower/jag/eta_master/scripts/py/monitor/myapp.log']'. Reloading...
2024-06-10 01:13:20 [WARNING] WatchGodReload detected file change in '['/export/home/dpower/jag/eta_master/scripts/py/monitor/myapp.log']'. Reloading...
2024-06-10 01:13:21 [WARNING] WatchGodReload detected file change in '['/export/home/dpower/jag/eta_master/scripts/py/monitor/myapp.log']'. Reloading...
2024-06-10 01:13:21 [WARNING] WatchGodReload detected file change in '['/export/home/dpower/jag/eta_master/scripts/py/monitor/myapp.log']'. Reloading...
2024-06-10 01:13:21 [WARNING] WatchGodReload detected file change in '['/export/home/dpower/jag/eta_master/scripts/py/monitor/myapp.log']'. Reloading...
2024-06-10 01:13:21 [WARNING] WatchGodReload detected file change in '['/export/home/dpower/jag/eta_master/scripts/py/monitor/myapp.log']'. Reloading...
2024-06-10 01:13:22 [WARNING] WatchGodReload detected file change in '['/export/home/dpower/jag/eta_master/scripts/py/monitor/myapp.log']'. Reloading...
2024-06-10 01:13:22 [WARNING] WatchGodReload detected file change in '['/export/home/dpower/jag/eta_master/scripts/py/monitor/myapp.log']'. Reloading...
2024-06-10 01:13:22 [WARNING] WatchGodReload detected file change in '['/export/home/dpower/jag/eta_master/scripts/py/monitor/myapp.log']'. Reloading...
2024-06-10 01:13:22 [WARNING] WatchGodReload detected file change in '['/export/home/dpower/jag/eta_master/scripts/py/monitor/myapp.log']'. Reloading...
2024-06-10 01:13:23 [WARNING] WatchGodReload detected file change in '['/export/home/dpower/jag/eta_master/scripts/py/monitor/myapp.log']'. Reloading...
2024-06-10 01:13:23 [WARNING] WatchGodReload detected file change in '['/export/home/dpower/jag/eta_master/scripts/py/monitor/myapp.log']'. Reloading...
2024-06-10 01:13:23 [WARNING] WatchGodReload detected file change in '['/export/home/dpower/jag/eta_master/scripts/py/monitor/myapp.log']'. Reloading...
2024-06-10 01:13:23 [INFO] Stopping reloader process [93563]
